<?xml version="1.0" encoding="UTF-8"?>
<!-- Generated by org.testng.reporters.JUnitXMLReporter -->
<testsuite ignored="1" hostname="DESKTOP-TIC5DM4" failures="0" tests="1" name="Default test" time="31.052" errors="0" timestamp="2023-11-24T13:29:57 IST">
  <testcase classname="com.citi.test.LoginUITest" name="titleTest" time="0.056"/>
  <testcase classname="com.citi.test.LoginUITest" name="headerTest" time="0.0">
    <ignored/>
  </testcase> <!-- headerTest -->
</testsuite> <!-- Default test -->
