<?xml version="1.0" encoding="UTF-8"?>
<!-- Generated by org.testng.reporters.JUnitXMLReporter -->
<testsuite ignored="1" hostname="DESKTOP-TIC5DM4" failures="0" tests="2" name="Default test" time="20.799" errors="0" timestamp="2023-11-23T13:48:21 IST">
  <testcase classname="com.citi.test.LoginTest" name="invalidLoginTest" time="2.653"/>
  <testcase classname="com.citi.test.LoginTest" name="invalidLoginTest" time="3.197"/>
  <testcase classname="com.citi.test.LoginTest" name="validLoginTest" time="0.0">
    <ignored/>
  </testcase> <!-- validLoginTest -->
</testsuite> <!-- Default test -->
