<?xml version="1.0" encoding="UTF-8"?>
<testng-results ignored="0" total="1" passed="1" failed="0" skipped="0">
  <reporter-output>
  </reporter-output>
  <suite started-at="2023-11-24T13:29:26 IST" name="Default suite" finished-at="2023-11-24T13:29:57 IST" duration-ms="31052">
    <groups>
      <group name="ui">
        <method signature="LoginUITest.titleTest()[pri:0, instance:com.citi.test.LoginUITest@3e27ba32]" name="titleTest" class="com.citi.test.LoginUITest"/>
      </group> <!-- ui -->
      <group name="smoke">
        <method signature="LoginUITest.titleTest()[pri:0, instance:com.citi.test.LoginUITest@3e27ba32]" name="titleTest" class="com.citi.test.LoginUITest"/>
      </group> <!-- smoke -->
    </groups>
    <test started-at="2023-11-24T13:29:26 IST" name="Default test" finished-at="2023-11-24T13:29:57 IST" duration-ms="31052">
      <class name="com.citi.test.LoginUITest">
        <test-method is-config="true" signature="setup(java.lang.String)[pri:0, instance:com.citi.test.LoginUITest@3e27ba32]" started-at="2023-11-24T13:29:26 IST" name="setup" finished-at="2023-11-24T13:29:57 IST" duration-ms="30372" status="PASS">
          <params>
            <param index="0">
              <value>
                <![CDATA[ch]]>
              </value>
            </param>
          </params>
          <reporter-output>
          </reporter-output>
        </test-method> <!-- setup -->
        <test-method signature="titleTest()[pri:0, instance:com.citi.test.LoginUITest@3e27ba32]" started-at="2023-11-24T13:29:57 IST" name="titleTest" finished-at="2023-11-24T13:29:57 IST" duration-ms="56" status="PASS">
          <reporter-output>
          </reporter-output>
        </test-method> <!-- titleTest -->
        <test-method is-config="true" signature="teardown()[pri:0, instance:com.citi.test.LoginUITest@3e27ba32]" started-at="2023-11-24T13:29:57 IST" name="teardown" finished-at="2023-11-24T13:29:57 IST" duration-ms="490" status="PASS">
          <reporter-output>
          </reporter-output>
        </test-method> <!-- teardown -->
      </class> <!-- com.citi.test.LoginUITest -->
    </test> <!-- Default test -->
  </suite> <!-- Default suite -->
</testng-results>
