<?xml version="1.0" encoding="UTF-8"?>
<testng-results ignored="0" total="2" passed="2" failed="0" skipped="0">
  <reporter-output>
  </reporter-output>
  <suite started-at="2023-11-23T13:48:01 IST" name="Default suite" finished-at="2023-11-23T13:48:21 IST" duration-ms="20799">
    <groups>
    </groups>
    <test started-at="2023-11-23T13:48:01 IST" name="Default test" finished-at="2023-11-23T13:48:21 IST" duration-ms="20799">
      <class name="com.citi.test.LoginTest">
        <test-method is-config="true" signature="setup()[pri:0, instance:com.citi.test.LoginTest@449a4f23]" started-at="2023-11-23T13:48:01 IST" name="setup" finished-at="2023-11-23T13:48:08 IST" duration-ms="6744" status="PASS">
          <reporter-output>
          </reporter-output>
        </test-method> <!-- setup -->
        <test-method signature="invalidLoginTest(java.lang.String,java.lang.String,java.lang.String)[pri:0, instance:com.citi.test.LoginTest@449a4f23]" started-at="2023-11-23T13:48:08 IST" name="invalidLoginTest" data-provider="invalidLoginData" finished-at="2023-11-23T13:48:10 IST" duration-ms="2653" status="PASS">
          <params>
            <param index="0">
              <value>
                <![CDATA[john]]>
              </value>
            </param>
            <param index="1">
              <value>
                <![CDATA[john123]]>
              </value>
            </param>
            <param index="2">
              <value>
                <![CDATA[Invalid credentials]]>
              </value>
            </param>
          </params>
          <reporter-output>
          </reporter-output>
        </test-method> <!-- invalidLoginTest -->
        <test-method is-config="true" signature="teardown()[pri:0, instance:com.citi.test.LoginTest@449a4f23]" started-at="2023-11-23T13:48:10 IST" name="teardown" finished-at="2023-11-23T13:48:11 IST" duration-ms="518" status="PASS">
          <reporter-output>
          </reporter-output>
        </test-method> <!-- teardown -->
        <test-method is-config="true" signature="setup()[pri:0, instance:com.citi.test.LoginTest@449a4f23]" started-at="2023-11-23T13:48:11 IST" name="setup" finished-at="2023-11-23T13:48:17 IST" duration-ms="6435" status="PASS">
          <reporter-output>
          </reporter-output>
        </test-method> <!-- setup -->
        <test-method signature="invalidLoginTest(java.lang.String,java.lang.String,java.lang.String)[pri:0, instance:com.citi.test.LoginTest@449a4f23]" started-at="2023-11-23T13:48:17 IST" name="invalidLoginTest" data-provider="invalidLoginData" finished-at="2023-11-23T13:48:20 IST" duration-ms="3197" status="PASS">
          <params>
            <param index="0">
              <value>
                <![CDATA[peter]]>
              </value>
            </param>
            <param index="1">
              <value>
                <![CDATA[peter123]]>
              </value>
            </param>
            <param index="2">
              <value>
                <![CDATA[Invalid credentials]]>
              </value>
            </param>
          </params>
          <reporter-output>
          </reporter-output>
        </test-method> <!-- invalidLoginTest -->
        <test-method is-config="true" signature="teardown()[pri:0, instance:com.citi.test.LoginTest@449a4f23]" started-at="2023-11-23T13:48:20 IST" name="teardown" finished-at="2023-11-23T13:48:21 IST" duration-ms="1099" status="PASS">
          <reporter-output>
          </reporter-output>
        </test-method> <!-- teardown -->
      </class> <!-- com.citi.test.LoginTest -->
    </test> <!-- Default test -->
  </suite> <!-- Default suite -->
</testng-results>
