<?xml version="1.0" encoding="UTF-8"?>
<!-- Generated by org.testng.reporters.JUnitXMLReporter -->
<testsuite ignored="1" hostname="DESKTOP-TIC5DM4" failures="0" tests="1" name="Login UI Test Edge" time="10.125" errors="0" timestamp="2023-11-24T11:16:43 IST">
  <testcase classname="com.citi.test.LoginUITest" name="titleTest" time="0.031"/>
  <testcase classname="com.citi.test.LoginUITest" name="headerTest" time="0.0">
    <ignored/>
  </testcase> <!-- headerTest -->
</testsuite> <!-- Login UI Test Edge -->
