<?xml version="1.0" encoding="UTF-8"?>
<!-- Generated by org.testng.reporters.JUnitXMLReporter -->
<testsuite ignored="2" hostname="DESKTOP-TIC5DM4" failures="0" tests="2" name="Login UI Test CHROME" time="17.519" errors="0" timestamp="2023-11-24T11:23:09 IST">
  <testcase classname="com.citi.test.LoginUITest" name="titleTest" time="0.031"/>
  <testcase classname="com.citi.test.LoginTest" name="validLoginTest" time="3.239"/>
  <testcase classname="com.citi.test.LoginTest" name="invalidLoginTest" time="0.0">
    <ignored/>
  </testcase> <!-- invalidLoginTest -->
  <testcase classname="com.citi.test.LoginUITest" name="headerTest" time="0.0">
    <ignored/>
  </testcase> <!-- headerTest -->
</testsuite> <!-- Login UI Test CHROME -->
